********************************************************************************
DUPLICATOR-LITE PACKAGE-LOG: 16/01/2018 4:49 am
NOTICE: Do NOT post to public sites or forums 
********************************************************************************
VERSION:	1.2.30
WORDPRESS:	4.9.1
PHP INFO:	5.6.30 | SAPI: apache2handler
SERVER:		Apache/2.4.25 (Win32) OpenSSL/1.0.2j PHP/5.6.30 
PHP TIME LIMIT: (0) no time limit imposed 
PHP MAX MEMORY: 2048M (268435456 default) 
MEMORY STACK: 72.75MB 

********************************************************************************
DATABASE:
********************************************************************************
BUILD MODE:   MYSQLDUMP
MYSQLTIMEOUT: 5000
MYSQLDUMP:    Is Supported 
FILTERED: [] 
RESPONSE: Ran from C:/xampp/mysql/bin/mysqldump.exe 
TABLES: total:50 | filtered:0 | create:50 
SQL CREATED: 20180116_c6d18fdc283de2fb1191180116044132_database.sql 
SQL FILE SIZE: 8.26MB (8664270) 
SQL FILE TIME: 2018-01-16 04:49:21 
SQL RUNTIME: 2.90 sec. 

******************************************************************************** 
ARCHIVE (ZIP): 
******************************************************************************** 
ARCHIVE DIR:  C:/xampp/htdocs/mywebsite 
ARCHIVE FILE: 20180116_c6d18fdc283de2fb1191180116044132_archive.zip 
FILTERS: *OFF* 
DIRS:
	not set 
FILES:
	not set 
EXTS:  not set 
---------------------------------------- 
COMPRESSING 
SIZE:	996.55MB 
STATS:	Dirs 5,200 | Files 34,526 
SQL ADDED: 20180116_c6d18fdc283de2fb1191180116044132_database.sql 
ZipArchive Object
(
    [status] => 0
    [statusSys] => 0
    [numFiles] => 39726
    [filename] => C:\xampp\htdocs\mywebsite\wp-snapshots\tmp\20180116_c6d18fdc283de2fb1191180116044132_archive.zip
    [comment] => 
)
 
COMPRESSION RESULT: '1' 
COMPRESSED SIZE: 715.51MB 
ARCHIVE RUNTIME: 368.92 sec. 
MEMORY STACK: 85MB 

******************************************************************************** 
MAKE INSTALLER: 
******************************************************************************** 
Build Start 
Build Finished 
Preping for use 
PACK SIZE:  
Template parsed with new data 
Complete [C:/xampp/htdocs/mywebsite/wp-snapshots/tmp/20180116_c6d18fdc283de2fb1191180116044132_installer.php] 
Added to archive 

******************************************************************************** 
INTEGRITY CHECKS: 
******************************************************************************** 
SQL File: 8.26MB 
Installer File: 443.29KB 
Archive File: 715.51MB  

********************************************************************************
RECORD ID:[3]
TOTAL PROCESS RUNTIME: 375.63 sec.
PEAK PHP MEMORY USED: 93.75MB
DONE PROCESSING => 20180116 16/01/2018 4:55 am
 
